<?xml version="1.0" encoding="UTF-8"?>
<testng-results ignored="0" total="1" passed="1" failed="0" skipped="0">
  <reporter-output>
  </reporter-output>
  <suite started-at="2022-06-13T19:11:38Z" name="Default suite" finished-at="2022-06-13T19:11:41Z" duration-ms="3171">
    <groups>
    </groups>
    <test started-at="2022-06-13T19:11:38Z" name="Default test" finished-at="2022-06-13T19:11:41Z" duration-ms="3171">
      <class name="AWSAPIChaning.EndToEndTest">
        <test-method signature="test1()[pri:0, instance:AWSAPIChaning.EndToEndTest@479ceda0]" started-at="2022-06-13T19:11:38Z" name="test1" finished-at="2022-06-13T19:11:41Z" duration-ms="3132" status="PASS">
          <reporter-output>
          </reporter-output>
        </test-method> <!-- test1 -->
      </class> <!-- AWSAPIChaning.EndToEndTest -->
    </test> <!-- Default test -->
  </suite> <!-- Default suite -->
</testng-results>
